<?xml version="1.0" encoding="UTF-8"?>
<!-- Generated by org.testng.reporters.JUnitReportReporter -->
<testsuite hostname="DESKTOP-KA2FGMF" failures="0" tests="4" name="test.TestNG_demo" time="3.009" errors="0" timestamp="2024-02-01T02:54:45 CST" skipped="0">
  <testcase classname="test.TestNG_demo" name="getRgbColorTest" time="1.371"/>
  <testcase classname="test.TestNG_demo" name="selectDropDownTest" time="0.407"/>
  <testcase classname="test.TestNG_demo" name="testInputFieldFilled" time="0.320"/>
  <testcase classname="test.TestNG_demo" name="iFrameCheckBoxTest" time="0.911"/>
</testsuite> <!-- test.TestNG_demo -->
